<?xml version="1.0" encoding="UTF-8"?>
<!-- Generated by org.testng.reporters.JUnitXMLReporter -->
<testsuite ignored="0" hostname="user" failures="1" tests="3" name="Cucumber Test Suits" time="88.273" errors="0" timestamp="2025-04-18T22:51:48 IST">
  <testcase classname="io.cucumber.testng.AbstractTestNGCucumberTests" name="runScenario" time="6.8">
    <failure type="java.lang.AssertionError" message="Title Verification failed expected [Home – Deutsche Bank Careers] but found [429 Too Many Requests]">
      <![CDATA[java.lang.AssertionError: Title Verification failed expected [Home – Deutsche Bank Careers] but found [429 Too Many Requests]
at com.stepdefinitions.SearchFunctionality_Steps.usernavigateToCareersWebsite(SearchFunctionality_Steps.java:30)
at ✽.user should navigate to careers website(file:///C:/Users/Anushka/Documents/Test/src/test/resources/features/TestCase01.feature:6)
... Removed 5 stack frames]]>
    </failure>
  </testcase> <!-- runScenario -->
  <testcase classname="io.cucumber.testng.AbstractTestNGCucumberTests" name="runScenario" time="39.651"/>
  <testcase classname="io.cucumber.testng.AbstractTestNGCucumberTests" name="runScenario" time="40.916"/>
</testsuite> <!-- Cucumber Test Suits -->
