<?xml version="1.0" encoding="UTF-8"?>
<!-- Generated by org.testng.reporters.JUnitReportReporter -->
<testsuite hostname="user" failures="3" tests="6" name="com.testrunner.testRunner" time="144.565" errors="0" timestamp="2025-04-11T20:31:18 IST" skipped="0">
  <testcase classname="com.testrunner.testRunner" name="runScenario" time="5.413">
    <failure message="Title Verification failed expected [Home – Deutsche Bank Careers] but found [429 Too Many Requests]" type="java.lang.AssertionError">
      <![CDATA[java.lang.AssertionError: Title Verification failed expected [Home – Deutsche Bank Careers] but found [429 Too Many Requests]
at org.testng.Assert.fail(Assert.java:111)
at org.testng.Assert.failNotEquals(Assert.java:1578)
at org.testng.Assert.assertEqualsImpl(Assert.java:150)
at org.testng.Assert.assertEquals(Assert.java:132)
at org.testng.Assert.assertEquals(Assert.java:656)
at com.stepdefinitions.SearchFunctionality_Steps.navigateToCareersWebsite(SearchFunctionality_Steps.java:30)
at ✽.user should navigate to careers website(file:///C:/Users/Anushka/Desktop/Diksha/Test%20Automation/Demo/src/test/resources/features/TestCase01.feature:37)
]]>
    </failure>
  </testcase> <!-- runScenario -->
  <testcase classname="com.testrunner.testRunner" name="runScenario" time="32.454"/>
  <testcase classname="com.testrunner.testRunner" name="runScenario" time="32.596"/>
  <testcase classname="com.testrunner.testRunner" name="runScenario" time="6.259">
    <failure message="Title Verification failed expected [Home – Deutsche Bank Careers] but found [429 Too Many Requests]" type="java.lang.AssertionError">
      <![CDATA[java.lang.AssertionError: Title Verification failed expected [Home – Deutsche Bank Careers] but found [429 Too Many Requests]
at org.testng.Assert.fail(Assert.java:111)
at org.testng.Assert.failNotEquals(Assert.java:1578)
at org.testng.Assert.assertEqualsImpl(Assert.java:150)
at org.testng.Assert.assertEquals(Assert.java:132)
at org.testng.Assert.assertEquals(Assert.java:656)
at com.stepdefinitions.SearchFunctionality_Steps.navigateToCareersWebsite(SearchFunctionality_Steps.java:30)
at ✽.user should navigate to careers website(file:///C:/Users/Anushka/Desktop/Diksha/Test%20Automation/Demo/src/test/resources/features/TestCase01.feature:30)
]]>
    </failure>
  </testcase> <!-- runScenario -->
  <testcase classname="com.testrunner.testRunner" name="runScenario" time="62.120"/>
  <testcase classname="com.testrunner.testRunner" name="runScenario" time="5.723">
    <failure message="Title Verification failed expected [Home – Deutsche Bank Careers] but found [429 Too Many Requests]" type="java.lang.AssertionError">
      <![CDATA[java.lang.AssertionError: Title Verification failed expected [Home – Deutsche Bank Careers] but found [429 Too Many Requests]
at org.testng.Assert.fail(Assert.java:111)
at org.testng.Assert.failNotEquals(Assert.java:1578)
at org.testng.Assert.assertEqualsImpl(Assert.java:150)
at org.testng.Assert.assertEquals(Assert.java:132)
at org.testng.Assert.assertEquals(Assert.java:656)
at com.stepdefinitions.SearchFunctionality_Steps2.navigateToCareersWebsite(SearchFunctionality_Steps2.java:31)
at ✽.careers website should open(file:///C:/Users/Anushka/Desktop/Diksha/Test%20Automation/Demo/src/test/resources/features/TestCase02.feature:6)
]]>
    </failure>
  </testcase> <!-- runScenario -->
</testsuite> <!-- com.testrunner.testRunner -->
