<?xml version="1.0" encoding="UTF-8"?>
<!-- Generated by org.testng.reporters.JUnitXMLReporter -->
<testsuite ignored="0" hostname="user" failures="3" tests="6" name="Cucumber Tests" time="144.987" errors="0" timestamp="2025-04-11T20:31:18 IST">
  <testcase classname="io.cucumber.testng.AbstractTestNGCucumberTests" name="runScenario" time="32.454"/>
  <testcase classname="io.cucumber.testng.AbstractTestNGCucumberTests" name="runScenario" time="32.596"/>
  <testcase classname="io.cucumber.testng.AbstractTestNGCucumberTests" name="runScenario" time="62.12"/>
  <testcase classname="io.cucumber.testng.AbstractTestNGCucumberTests" name="runScenario" time="6.259">
    <failure type="java.lang.AssertionError" message="Title Verification failed expected [Home – Deutsche Bank Careers] but found [429 Too Many Requests]">
      <![CDATA[java.lang.AssertionError: Title Verification failed expected [Home – Deutsche Bank Careers] but found [429 Too Many Requests]
at com.stepdefinitions.SearchFunctionality_Steps.navigateToCareersWebsite(SearchFunctionality_Steps.java:30)
at ✽.user should navigate to careers website(file:///C:/Users/Anushka/Desktop/Diksha/Test%20Automation/Demo/src/test/resources/features/TestCase01.feature:30)
... Removed 5 stack frames]]>
    </failure>
  </testcase> <!-- runScenario -->
  <testcase classname="io.cucumber.testng.AbstractTestNGCucumberTests" name="runScenario" time="5.413">
    <failure type="java.lang.AssertionError" message="Title Verification failed expected [Home – Deutsche Bank Careers] but found [429 Too Many Requests]">
      <![CDATA[java.lang.AssertionError: Title Verification failed expected [Home – Deutsche Bank Careers] but found [429 Too Many Requests]
at com.stepdefinitions.SearchFunctionality_Steps.navigateToCareersWebsite(SearchFunctionality_Steps.java:30)
at ✽.user should navigate to careers website(file:///C:/Users/Anushka/Desktop/Diksha/Test%20Automation/Demo/src/test/resources/features/TestCase01.feature:37)
... Removed 5 stack frames]]>
    </failure>
  </testcase> <!-- runScenario -->
  <testcase classname="io.cucumber.testng.AbstractTestNGCucumberTests" name="runScenario" time="5.723">
    <failure type="java.lang.AssertionError" message="Title Verification failed expected [Home – Deutsche Bank Careers] but found [429 Too Many Requests]">
      <![CDATA[java.lang.AssertionError: Title Verification failed expected [Home – Deutsche Bank Careers] but found [429 Too Many Requests]
at com.stepdefinitions.SearchFunctionality_Steps2.navigateToCareersWebsite(SearchFunctionality_Steps2.java:31)
at ✽.careers website should open(file:///C:/Users/Anushka/Desktop/Diksha/Test%20Automation/Demo/src/test/resources/features/TestCase02.feature:6)
... Removed 5 stack frames]]>
    </failure>
  </testcase> <!-- runScenario -->
</testsuite> <!-- Cucumber Tests -->
